2025-07-08 14:13:23.686 +0800 [debug] ([34mconfigs.js[0m) [31mloaded default configs as "{"updates":{"manifest_url":"https://cdn.freshdev.io/assets/fdk/updates.json","period":24},"log":{"level":"info"},"javascript":{"ecma_version":2020},"request":{"timeout":15000},"global_apps":{"enabled":false},"easel":{"enabled":false},"job":{"timeout":120000}}"[0m
2025-07-08 14:13:23.687 +0800 [debug] ([34mfile.js[0m) [31mError while requiring C:\Users\AXND\.fdk\configs.json: Cannot find module 'C:\Users\AXND\.fdk\configs.json'
Require stack:
- C:\Users\AXND\AppData\Roaming\npm\node_modules\fdk\lib\utils\file.js
- C:\Users\AXND\AppData\Roaming\npm\node_modules\fdk\lib\configs.js
- C:\Users\AXND\AppData\Roaming\npm\node_modules\fdk\lib\logger.js
- C:\Users\AXND\AppData\Roaming\npm\node_modules\fdk\index.js[0m
2025-07-08 14:13:23.688 +0800 [debug] ([34mconfigs.js[0m) [31mloaded global configs as "{}"[0m
2025-07-08 14:13:23.688 +0800 [debug] ([34mfile.js[0m) [31mError while requiring C:\Users\AXND\Documents\GitHub\fw\ServerlessApp\.fdk\configs.json: Cannot find module 'C:\Users\AXND\Documents\GitHub\fw\ServerlessApp\.fdk\configs.json'
Require stack:
- C:\Users\AXND\AppData\Roaming\npm\node_modules\fdk\lib\utils\file.js
- C:\Users\AXND\AppData\Roaming\npm\node_modules\fdk\lib\configs.js
- C:\Users\AXND\AppData\Roaming\npm\node_modules\fdk\lib\logger.js
- C:\Users\AXND\AppData\Roaming\npm\node_modules\fdk\index.js[0m
2025-07-08 14:13:23.688 +0800 [debug] ([34mfile.js[0m) [31mError while requiring C:\Users\AXND\Documents\GitHub\fw\ServerlessApp\.fdk\configs.json: Cannot find module 'C:\Users\AXND\Documents\GitHub\fw\ServerlessApp\.fdk\configs.json'
Require stack:
- C:\Users\AXND\AppData\Roaming\npm\node_modules\fdk\lib\utils\file.js
- C:\Users\AXND\AppData\Roaming\npm\node_modules\fdk\lib\configs.js
- C:\Users\AXND\AppData\Roaming\npm\node_modules\fdk\lib\logger.js
- C:\Users\AXND\AppData\Roaming\npm\node_modules\fdk\index.js[0m
2025-07-08 14:13:23.689 +0800 [debug] ([34mconfigs.js[0m) [31mloaded local configs as "{}"[0m
2025-07-08 14:13:23.689 +0800 [debug] ([34mconfigs.js[0m) [31mloaded env configs as "{"updates":{},"log":{},"javascript":{},"request":{"timeout":15000},"job":{"timeout":120000}}"[0m
2025-07-08 14:13:23.689 +0800 [debug] ([34mconfigs.js[0m) [31mloaded resolved configs as "{"updates":{"manifest_url":"https://cdn.freshdev.io/assets/fdk/updates.json","period":24},"log":{"level":"info"},"javascript":{"ecma_version":2020},"request":{"timeout":15000},"global_apps":{"enabled":false},"easel":{"enabled":false},"job":{"timeout":120000}}"[0m
2025-07-08 14:13:23.689 +0800 [debug] ([34mlogger.js[0m) [31mStarting FDK in node v18.17.1 on win32[0m
2025-07-08 14:13:23.689 +0800 [debug] ([34msequelize.js[0m) [31msetting up sqilite at "C:\Users\AXND\Documents\GitHub\fw\ServerlessApp/.fdk/store.sqlite"[0m
2025-07-08 14:13:23.690 +0800 [debug] ([34mdata.js[0m) [31mRead {"version_details":{"cli":{"deprecated":{"version":"<9","message":"This FDK version has been deprecated. There will be no further feature updates to this version. For a seamless app-building experience, ensure to move to the latest FDK version. For more information, see https://developers.freshworks.com/docs/app-sdk/v2.3/freshdesk/migration-guide/#migrate-to-the-latest-platform-version."},"forced":{"version":"7.0.0","command":"npm install https://dl.freshdev.io/cli/fdk-7.0.0.tgz -g","message":"Your FDK version has been forced updated to v7.0.0, please visit https://community.developers.freshworks.com/t/fdk-v7-0-announcing-node-js-v12-and-es6-support/3606 to know more"},"latest":{"version":"9.5.1","command":"npm install https://cdn.freshdev.io/fdk/latest.tgz -g","message":"You are on the latest FDK version. For information on the features available as part of this FDK version, see https://developers.freshworks.com/docs/?tab=modules."}},"addon":{"version":"2.1.0","url":"https://cdn.freshdev.io/assets/fdk/addons/addon.zip"}},"last_updated":{"time_stamp":1751869230968}}[0m
2025-07-08 14:13:23.690 +0800 [debug] ([34mupdater.js[0m) [31mlast check less than 24 hours ago, not looking for updates[0m
2025-07-08 14:13:23.696 +0800 [debug] ([34mindex.js[0m) [31mrunning with opts {}[0m
2025-07-08 14:13:23.728 +0800 [debug] ([34mdata.js[0m) [31mRead {"version_details":{"cli":{"deprecated":{"version":"<9","message":"This FDK version has been deprecated. There will be no further feature updates to this version. For a seamless app-building experience, ensure to move to the latest FDK version. For more information, see https://developers.freshworks.com/docs/app-sdk/v2.3/freshdesk/migration-guide/#migrate-to-the-latest-platform-version."},"forced":{"version":"7.0.0","command":"npm install https://dl.freshdev.io/cli/fdk-7.0.0.tgz -g","message":"Your FDK version has been forced updated to v7.0.0, please visit https://community.developers.freshworks.com/t/fdk-v7-0-announcing-node-js-v12-and-es6-support/3606 to know more"},"latest":{"version":"9.5.1","command":"npm install https://cdn.freshdev.io/fdk/latest.tgz -g","message":"You are on the latest FDK version. For information on the features available as part of this FDK version, see https://developers.freshworks.com/docs/?tab=modules."}},"addon":{"version":"2.1.0","url":"https://cdn.freshdev.io/assets/fdk/addons/addon.zip"}},"last_updated":{"time_stamp":1751869230968}}[0m
2025-07-08 14:13:23.733 +0800 [debug] ([34mcreate.js[0m) [31m'init' called with C:\Users\AXND\Documents\GitHub\fw\ServerlessApp, undefined, undefined[0m
2025-07-08 14:13:29.378 +0800 [debug] ([34mcreate.js[0m) [31mInitializing template "your_first_serverless_app" for "freshdesk".[0m
2025-07-08 14:13:29.480 +0800 [info] A new Freshdesk app was successfully created from template "your_first_serverless_app" with the following files.

